<?xml version="1.0" encoding="UTF-8"?>
<!-- Generated by org.testng.reporters.JUnitReportReporter -->
<testsuite hostname="LAPTOP-0M17UIVA" failures="0" tests="4" name="parameterization.DataProviderWithExcel" time="35.152" errors="0" timestamp="2023-09-24T11:53:59 IST" skipped="0">
  <testcase classname="parameterization.DataProviderWithExcel" name="verifyGoogleWebsite1" time="8.267"/>
  <testcase classname="parameterization.DataProviderWithExcel" name="verifyGoogleWebsite1" time="9.010"/>
  <testcase classname="parameterization.DataProviderWithExcel" name="verifyGoogleWebsite1" time="8.547"/>
  <testcase classname="parameterization.DataProviderWithExcel" name="verifyGoogleWebsite1" time="9.328"/>
</testsuite> <!-- parameterization.DataProviderWithExcel -->
